Arguments: 
  /usr/local/bin/node /Users/phattran/.yarn/bin/yarn.js add tns-core-module

PATH: 
  /Users/phattran/.yarn/bin:/Users/phattran/.config/yarn/global/node_modules/.bin:/Users/phattran/bin:/usr/local/bin:/usr/local/bin:/usr/bin:/bin:/usr/sbin:/sbin:/usr/local/share/dotnet:~/.dotnet/tools:/Library/Apple/usr/bin:/Library/Frameworks/Mono.framework/Versions/Current/Commands:/Users/phattran/.yarn/bin:/Users/phattran/.config/yarn/global/node_modules/.bin:/Users/phattran/bin:/Applications/Visual Studio Code.app/Contents/Resources/app/bin:/Applications/Visual Studio Code.app/Contents/Resources/app/bin

Yarn version: 
  1.22.5

Node version: 
  12.18.2

Platform: 
  darwin x64

Trace: 
  Error: https://registry.yarnpkg.com/tns-core-module: Not found
      at Request.params.callback [as _callback] (/Users/phattran/.yarn/lib/cli.js:66988:18)
      at Request.self.callback (/Users/phattran/.yarn/lib/cli.js:140749:22)
      at Request.emit (events.js:315:20)
      at Request.<anonymous> (/Users/phattran/.yarn/lib/cli.js:141721:10)
      at Request.emit (events.js:315:20)
      at IncomingMessage.<anonymous> (/Users/phattran/.yarn/lib/cli.js:141643:12)
      at Object.onceWrapper (events.js:421:28)
      at IncomingMessage.emit (events.js:327:22)
      at endReadableNT (_stream_readable.js:1221:12)
      at processTicksAndRejections (internal/process/task_queues.js:84:21)

npm manifest: 
  {
    "name": "vuens",
    "main": "main.js",
    "version": "1.0.0",
    "description": "A native application built with NativeScript-Vue",
    "author": "",
    "license": "MIT",
    "dependencies": {
      "@nativescript/core": "^7.0.3",
      "@nativescript/firebase": "^11.1.3",
      "@vue/devtools": "^5.3.3",
      "nativescript-fonticon": "^2.0.2",
      "nativescript-socketio": "^3.3.1",
      "nativescript-toasty": "^3.0.0-alpha.2",
      "nativescript-vue": "^2.8.1",
      "nativescript-vue-devtools": "^1.4.0"
    },
    "devDependencies": {
      "@babel/core": "^7.11.6",
      "@babel/preset-env": "^7.11.5",
      "@nativescript/ios": "7.0.6",
      "@nativescript/webpack": "^3.0.4",
      "babel-loader": "^8.1.0",
      "nativescript-vue-template-compiler": "^2.8.1",
      "nativescript-worker-loader": "~0.12.1",
      "sass": "^1.26.10",
      "vue-loader": "^15.9.3"
    }
  }

yarn manifest: 
  No manifest

Lockfile: 
  No lockfile
